[0611/184443:ERROR:process_info.cc(608)] range at 0x73ac3a3a00000000, size 0x243 fully unreadable
[0611/184443:ERROR:process_info.cc(608)] range at 0x73ac3aa000000000, size 0x243 fully unreadable
[0611/184443:ERROR:process_info.cc(608)] range at 0x0, size 0x243 fully unreadable
[0611/184446:ERROR:process_info.cc(608)] range at 0xea3aac00000000, size 0x198 fully unreadable
[0611/184446:ERROR:process_info.cc(608)] range at 0xea3b1200000000, size 0x198 fully unreadable
[0611/184446:ERROR:process_info.cc(608)] range at 0x0, size 0x198 fully unreadable
[0611/184446:WARNING:in_range_cast.h(38)] value 1752361998600 out of range
[0611/184446:WARNING:in_range_cast.h(38)] value 1752361995846 out of range
[0611/184446:WARNING:in_range_cast.h(38)] value 1752361998900 out of range
[0611/184446:WARNING:in_range_cast.h(38)] value 1752361994758 out of range
[0611/184446:WARNING:in_range_cast.h(38)] value 1752362506032 out of range
[0611/184447:ERROR:process_reader_win.cc(173)] ResumeThread: The operation completed successfully. (0x0)
[0611/184447:ERROR:process_reader_win.cc(142)] SuspendThread: Access is denied. (0x5)
[0611/184447:ERROR:process_reader_win.cc(142)] SuspendThread: Access is denied. (0x5)
[0611/184447:ERROR:process_reader_win.cc(142)] SuspendThread: Access is denied. (0x5)
[0611/184447:WARNING:in_range_cast.h(38)] value 2488726722824 out of range
[0611/184447:WARNING:in_range_cast.h(38)] value 2488726720070 out of range
[0611/184447:WARNING:in_range_cast.h(38)] value 2488726723124 out of range
[0611/184447:WARNING:in_range_cast.h(38)] value 2488726718982 out of range
[0611/184447:WARNING:in_range_cast.h(38)] value 2488727235536 out of range
[0611/184447:ERROR:process_reader_win.cc(233)] ReadMemory at 0x77cd39d000 of 77824 bytes failed: Only part of a ReadProcessMemory or WriteProcessMemory request was completed. (0x12B)
[0611/184447:ERROR:crash_report_exception_handler.cc(102)] WriteEverything failed
[0611/184447:ERROR:scoped_process_suspend.cc(38)] NtResumeProcess, ntstatus=-1073741558
[0613/223249:ERROR:process_info.cc(608)] range at 0x59983ab200000000, size 0x1e3 fully unreadable
[0613/223249:ERROR:process_info.cc(608)] range at 0x59983b1200000000, size 0x1e3 fully unreadable
[0613/223249:ERROR:process_info.cc(608)] range at 0x0, size 0x1e3 fully unreadable
[0613/223250:WARNING:in_range_cast.h(38)] value 2075972344068 out of range
[0613/223250:WARNING:in_range_cast.h(38)] value 2075972341314 out of range
[0613/223250:WARNING:in_range_cast.h(38)] value 2075972344368 out of range
[0613/223250:WARNING:in_range_cast.h(38)] value 2075972340230 out of range
[0613/223250:WARNING:in_range_cast.h(38)] value 2075972850144 out of range
[0613/223250:ERROR:process_info.cc(608)] range at 0xd7443aae00000000, size 0x160 fully unreadable
[0613/223250:ERROR:process_info.cc(608)] range at 0xd7443b0e00000000, size 0x160 fully unreadable
[0613/223250:ERROR:process_info.cc(608)] range at 0x0, size 0x160 fully unreadable
[0613/223250:WARNING:in_range_cast.h(38)] value 1515440052484 out of range
[0613/223250:WARNING:in_range_cast.h(38)] value 1515440049730 out of range
[0613/223250:WARNING:in_range_cast.h(38)] value 1515440052784 out of range
[0613/223250:WARNING:in_range_cast.h(38)] value 1515440048646 out of range
[0613/223250:WARNING:in_range_cast.h(38)] value 1515440558560 out of range
[0613/223250:ERROR:process_info.cc(608)] range at 0xdf6e3ab000000000, size 0x132 fully unreadable
[0613/223250:ERROR:process_info.cc(608)] range at 0xdf6e3b1000000000, size 0x132 fully unreadable
[0613/223250:ERROR:process_info.cc(608)] range at 0x0, size 0x132 fully unreadable
[0613/223250:WARNING:in_range_cast.h(38)] value 1318008527108 out of range
[0613/223250:WARNING:in_range_cast.h(38)] value 1318008524354 out of range
[0613/223250:WARNING:in_range_cast.h(38)] value 1318008527408 out of range
[0613/223250:WARNING:in_range_cast.h(38)] value 1318008523270 out of range
[0613/223250:WARNING:in_range_cast.h(38)] value 1318009033184 out of range
